<?xml version="1.0" encoding="UTF-8"?>
<!-- Generated by org.testng.reporters.JUnitXMLReporter -->
<testsuite ignored="0" hostname="DESKTOP-NLP13KG" failures="0" tests="15" name="Test1" time="20.005" errors="0" timestamp="2025-04-08T11:06:08 IST">
  <testcase classname="api.test.Addplace" name="TestAddPlaceAPI" time="14.345"/>
  <testcase classname="api.test.Addplace" name="TestAddPlaceAPI" time="0.347"/>
  <testcase classname="api.test.Addplace" name="TestAddPlaceAPI" time="0.27"/>
  <testcase classname="api.test.Addplace" name="TestAddPlaceAPI" time="0.25"/>
  <testcase classname="api.test.Addplace" name="TestAddPlaceAPI" time="0.272"/>
  <testcase classname="api.test.Addplace" name="TestAddPlaceAPI" time="0.469"/>
  <testcase classname="api.test.Addplace" name="TestAddPlaceAPI" time="0.251"/>
  <testcase classname="api.test.Addplace" name="TestAddPlaceAPI" time="0.263"/>
  <testcase classname="api.test.Addplace" name="TestAddPlaceAPI" time="0.239"/>
  <testcase classname="api.test.Addplace" name="TestAddPlaceAPI" time="0.288"/>
  <testcase classname="api.test.Addplace" name="TestAddPlaceAPI" time="0.298"/>
  <testcase classname="api.test.Addplace" name="TestAddPlaceAPI" time="0.251"/>
  <testcase classname="api.test.Addplace" name="TestAddPlaceAPI" time="0.244"/>
  <testcase classname="api.test.Addplace" name="TestAddPlaceAPI" time="0.233"/>
  <testcase classname="api.test.Addplace" name="TestAddPlaceAPI" time="0.239"/>
</testsuite> <!-- Test1 -->
