<?xml version="1.0" encoding="UTF-8"?>
<!-- Generated by org.testng.reporters.JUnitXMLReporter -->
<testsuite ignored="0" hostname="DESKTOP-NLP13KG" failures="15" tests="15" name="Test1" time="40.116" errors="0" timestamp="2025-04-12T23:09:45 IST">
  <testcase classname="api.test.Addplace" name="sqlInjectionM" time="18.496">
    <failure type="java.lang.AssertionError" message="expected [200] but found [500]">
      <![CDATA[java.lang.AssertionError: expected [200] but found [500]
at api.test.Addplace.sqlInjectionM(Addplace.java:66)
at java.base/java.util.ArrayList.forEach(ArrayList.java:1597)
... Removed 32 stack frames]]>
    </failure>
  </testcase> <!-- sqlInjectionM -->
  <testcase classname="api.test.Addplace" name="sqlInjectionM" time="2.885">
    <failure type="java.lang.AssertionError" message="expected [200] but found [500]">
      <![CDATA[java.lang.AssertionError: expected [200] but found [500]
at api.test.Addplace.sqlInjectionM(Addplace.java:66)
at java.base/java.util.ArrayList.forEach(ArrayList.java:1597)
... Removed 32 stack frames]]>
    </failure>
  </testcase> <!-- sqlInjectionM -->
  <testcase classname="api.test.Addplace" name="sqlInjectionM" time="1.352">
    <failure type="java.lang.AssertionError" message="expected [200] but found [500]">
      <![CDATA[java.lang.AssertionError: expected [200] but found [500]
at api.test.Addplace.sqlInjectionM(Addplace.java:66)
at java.base/java.util.ArrayList.forEach(ArrayList.java:1597)
... Removed 32 stack frames]]>
    </failure>
  </testcase> <!-- sqlInjectionM -->
  <testcase classname="api.test.Addplace" name="sqlInjectionM" time="1.253">
    <failure type="java.lang.AssertionError" message="expected [200] but found [500]">
      <![CDATA[java.lang.AssertionError: expected [200] but found [500]
at api.test.Addplace.sqlInjectionM(Addplace.java:66)
at java.base/java.util.ArrayList.forEach(ArrayList.java:1597)
... Removed 32 stack frames]]>
    </failure>
  </testcase> <!-- sqlInjectionM -->
  <testcase classname="api.test.Addplace" name="sqlInjectionM" time="1.333">
    <failure type="java.lang.AssertionError" message="expected [200] but found [500]">
      <![CDATA[java.lang.AssertionError: expected [200] but found [500]
at api.test.Addplace.sqlInjectionM(Addplace.java:66)
at java.base/java.util.ArrayList.forEach(ArrayList.java:1597)
... Removed 32 stack frames]]>
    </failure>
  </testcase> <!-- sqlInjectionM -->
  <testcase classname="api.test.Addplace" name="sqlInjectionM" time="1.13">
    <failure type="java.lang.AssertionError" message="expected [200] but found [500]">
      <![CDATA[java.lang.AssertionError: expected [200] but found [500]
at api.test.Addplace.sqlInjectionM(Addplace.java:66)
at java.base/java.util.ArrayList.forEach(ArrayList.java:1597)
... Removed 32 stack frames]]>
    </failure>
  </testcase> <!-- sqlInjectionM -->
  <testcase classname="api.test.Addplace" name="sqlInjectionM" time="1.414">
    <failure type="java.lang.AssertionError" message="expected [200] but found [500]">
      <![CDATA[java.lang.AssertionError: expected [200] but found [500]
at api.test.Addplace.sqlInjectionM(Addplace.java:66)
at java.base/java.util.ArrayList.forEach(ArrayList.java:1597)
... Removed 32 stack frames]]>
    </failure>
  </testcase> <!-- sqlInjectionM -->
  <testcase classname="api.test.Addplace" name="sqlInjectionM" time="1.342">
    <failure type="java.lang.AssertionError" message="expected [200] but found [500]">
      <![CDATA[java.lang.AssertionError: expected [200] but found [500]
at api.test.Addplace.sqlInjectionM(Addplace.java:66)
at java.base/java.util.ArrayList.forEach(ArrayList.java:1597)
... Removed 32 stack frames]]>
    </failure>
  </testcase> <!-- sqlInjectionM -->
  <testcase classname="api.test.Addplace" name="sqlInjectionM" time="1.483">
    <failure type="java.lang.AssertionError" message="expected [200] but found [500]">
      <![CDATA[java.lang.AssertionError: expected [200] but found [500]
at api.test.Addplace.sqlInjectionM(Addplace.java:66)
at java.base/java.util.ArrayList.forEach(ArrayList.java:1597)
... Removed 32 stack frames]]>
    </failure>
  </testcase> <!-- sqlInjectionM -->
  <testcase classname="api.test.Addplace" name="sqlInjectionM" time="1.383">
    <failure type="java.lang.AssertionError" message="expected [200] but found [500]">
      <![CDATA[java.lang.AssertionError: expected [200] but found [500]
at api.test.Addplace.sqlInjectionM(Addplace.java:66)
at java.base/java.util.ArrayList.forEach(ArrayList.java:1597)
... Removed 32 stack frames]]>
    </failure>
  </testcase> <!-- sqlInjectionM -->
  <testcase classname="api.test.Addplace" name="sqlInjectionM" time="1.057">
    <failure type="java.lang.AssertionError" message="expected [200] but found [500]">
      <![CDATA[java.lang.AssertionError: expected [200] but found [500]
at api.test.Addplace.sqlInjectionM(Addplace.java:66)
at java.base/java.util.ArrayList.forEach(ArrayList.java:1597)
... Removed 32 stack frames]]>
    </failure>
  </testcase> <!-- sqlInjectionM -->
  <testcase classname="api.test.Addplace" name="sqlInjectionM" time="1.21">
    <failure type="java.lang.AssertionError" message="expected [200] but found [500]">
      <![CDATA[java.lang.AssertionError: expected [200] but found [500]
at api.test.Addplace.sqlInjectionM(Addplace.java:66)
at java.base/java.util.ArrayList.forEach(ArrayList.java:1597)
... Removed 32 stack frames]]>
    </failure>
  </testcase> <!-- sqlInjectionM -->
  <testcase classname="api.test.Addplace" name="sqlInjectionM" time="1.05">
    <failure type="java.lang.AssertionError" message="expected [200] but found [500]">
      <![CDATA[java.lang.AssertionError: expected [200] but found [500]
at api.test.Addplace.sqlInjectionM(Addplace.java:66)
at java.base/java.util.ArrayList.forEach(ArrayList.java:1597)
... Removed 32 stack frames]]>
    </failure>
  </testcase> <!-- sqlInjectionM -->
  <testcase classname="api.test.Addplace" name="sqlInjectionM" time="1.099">
    <failure type="java.lang.AssertionError" message="expected [200] but found [500]">
      <![CDATA[java.lang.AssertionError: expected [200] but found [500]
at api.test.Addplace.sqlInjectionM(Addplace.java:66)
at java.base/java.util.ArrayList.forEach(ArrayList.java:1597)
... Removed 32 stack frames]]>
    </failure>
  </testcase> <!-- sqlInjectionM -->
  <testcase classname="api.test.Addplace" name="sqlInjectionM" time="1.774">
    <failure type="java.lang.AssertionError" message="expected [200] but found [500]">
      <![CDATA[java.lang.AssertionError: expected [200] but found [500]
at api.test.Addplace.sqlInjectionM(Addplace.java:66)
at java.base/java.util.ArrayList.forEach(ArrayList.java:1597)
... Removed 32 stack frames]]>
    </failure>
  </testcase> <!-- sqlInjectionM -->
</testsuite> <!-- Test1 -->
