<?xml version="1.0" encoding="UTF-8"?>
<!-- Generated by org.testng.reporters.JUnitReportReporter -->
<testsuite hostname="DESKTOP-NLP13KG" failures="0" tests="15" name="api.test.Addplace" time="18.259" errors="0" timestamp="2025-04-08T11:06:09 IST" skipped="0">
  <testcase classname="api.test.Addplace" name="TestAddPlaceAPI" time="0.250"/>
  <testcase classname="api.test.Addplace" name="TestAddPlaceAPI" time="14.345"/>
  <testcase classname="api.test.Addplace" name="TestAddPlaceAPI" time="0.288"/>
  <testcase classname="api.test.Addplace" name="TestAddPlaceAPI" time="0.263"/>
  <testcase classname="api.test.Addplace" name="TestAddPlaceAPI" time="0.239"/>
  <testcase classname="api.test.Addplace" name="TestAddPlaceAPI" time="0.239"/>
  <testcase classname="api.test.Addplace" name="TestAddPlaceAPI" time="0.469"/>
  <testcase classname="api.test.Addplace" name="TestAddPlaceAPI" time="0.298"/>
  <testcase classname="api.test.Addplace" name="TestAddPlaceAPI" time="0.270"/>
  <testcase classname="api.test.Addplace" name="TestAddPlaceAPI" time="0.233"/>
  <testcase classname="api.test.Addplace" name="TestAddPlaceAPI" time="0.347"/>
  <testcase classname="api.test.Addplace" name="TestAddPlaceAPI" time="0.251"/>
  <testcase classname="api.test.Addplace" name="TestAddPlaceAPI" time="0.251"/>
  <testcase classname="api.test.Addplace" name="TestAddPlaceAPI" time="0.272"/>
  <testcase classname="api.test.Addplace" name="TestAddPlaceAPI" time="0.244"/>
</testsuite> <!-- api.test.Addplace -->
