<?xml version="1.0" encoding="UTF-8"?>
<!-- Generated by org.testng.reporters.JUnitReportReporter -->
<testsuite hostname="DESKTOP-NLP13KG" failures="0" tests="5" name="api.test.Addplace" time="21.555" errors="0" timestamp="2025-04-07T21:26:27 IST" skipped="0">
  <testcase classname="api.test.Addplace" name="TestAddPlaceAPI" time="0.326"/>
  <testcase classname="api.test.Addplace" name="TestAddPlaceAPI" time="19.879"/>
  <testcase classname="api.test.Addplace" name="TestAddPlaceAPI" time="0.489"/>
  <testcase classname="api.test.Addplace" name="TestAddPlaceAPI" time="0.415"/>
  <testcase classname="api.test.Addplace" name="TestAddPlaceAPI" time="0.446"/>
</testsuite> <!-- api.test.Addplace -->
