<?xml version="1.0" encoding="UTF-8"?>
<!-- Generated by org.testng.reporters.JUnitXMLReporter -->
<testsuite ignored="0" hostname="DESKTOP-NLP13KG" failures="1" tests="1" name="Test" time="5.32" errors="0" timestamp="2025-09-28T05:35:36 IST">
  <testcase classname="api.test.Testfeature" name="addOrUpdateComponent" time="2.183">
    <failure type="java.lang.NullPointerException" message="Cannot invoke &amp;quot;com.aventstack.extentreports.ExtentTest.info(String)&amp;quot; because &amp;quot;extentLogger&amp;quot; is null">
      <![CDATA[java.lang.NullPointerException: Cannot invoke "com.aventstack.extentreports.ExtentTest.info(String)" because "extentLogger" is null
at api.Validation.ValidationForAddAndUpdateApi.ValidationOnResponse(ValidationForAddAndUpdateApi.java:44)
at api.test.Testfeature.addOrUpdateComponent(Testfeature.java:60)
at java.base/java.util.ArrayList.forEach(ArrayList.java:1596)
... Removed 25 stack frames]]>
    </failure>
  </testcase> <!-- addOrUpdateComponent -->
</testsuite> <!-- Test -->
