<?xml version="1.0" encoding="UTF-8"?>
<!-- Generated by org.testng.reporters.JUnitXMLReporter -->
<testsuite ignored="0" hostname="DESKTOP-NLP13KG" failures="0" tests="4" name="Test" time="12.57" errors="0" timestamp="2025-04-06T16:53:04 IST">
  <testcase classname="api.test.Addplace" name="TestAddPlaceAPI" time="11.402"/>
  <testcase classname="api.test.Addplace" name="TestAddPlaceAPI" time="0.288"/>
  <testcase classname="api.test.Addplace" name="TestAddPlaceAPI" time="0.212"/>
  <testcase classname="api.test.Addplace" name="TestAddPlaceAPI" time="0.209"/>
</testsuite> <!-- Test -->
