<?xml version="1.0" encoding="UTF-8"?>
<testng-results ignored="0" total="1" passed="0" failed="1" skipped="0">
  <reporter-output>
  </reporter-output>
  <suite started-at="2025-09-28T05:35:31 IST" name="Suite" finished-at="2025-09-28T05:35:36 IST" duration-ms="5320">
    <groups>
    </groups>
    <test started-at="2025-09-28T05:35:31 IST" name="Test" finished-at="2025-09-28T05:35:36 IST" duration-ms="5320">
      <class name="api.test.Testfeature">
        <test-method is-config="true" signature="serverStatus()[pri:0, instance:api.test.Testfeature@2e1d27ba]" started-at="2025-09-28T05:35:26 IST" name="serverStatus" finished-at="2025-09-28T05:35:31 IST" duration-ms="5055" status="PASS">
          <reporter-output>
          </reporter-output>
        </test-method> <!-- serverStatus -->
        <test-method is-config="true" signature="generateToken()[pri:0, instance:api.test.Testfeature@2e1d27ba]" started-at="2025-09-28T05:35:32 IST" name="generateToken" finished-at="2025-09-28T05:35:32 IST" duration-ms="658" status="PASS">
          <reporter-output>
          </reporter-output>
        </test-method> <!-- generateToken -->
        <test-method is-config="true" signature="setupEach(java.lang.reflect.Method)[pri:0, instance:api.test.Testfeature@2e1d27ba]" started-at="2025-09-28T05:35:32 IST" name="setupEach" finished-at="2025-09-28T05:35:34 IST" duration-ms="1401" status="PASS">
          <params>
            <param index="0">
              <value>
                <![CDATA[void api.test.Testfeature.addOrUpdateComponent() throws java.io.IOException]]>
              </value>
            </param>
          </params>
          <reporter-output>
          </reporter-output>
        </test-method> <!-- setupEach -->
        <test-method signature="addOrUpdateComponent()[pri:1, instance:api.test.Testfeature@2e1d27ba]" started-at="2025-09-28T05:35:34 IST" name="addOrUpdateComponent" finished-at="2025-09-28T05:35:36 IST" duration-ms="2183" status="FAIL">
          <exception class="java.lang.NullPointerException">
            <message>
              <![CDATA[Cannot invoke "com.aventstack.extentreports.ExtentTest.info(String)" because "extentLogger" is null]]>
            </message>
            <full-stacktrace>
              <![CDATA[java.lang.NullPointerException: Cannot invoke "com.aventstack.extentreports.ExtentTest.info(String)" because "extentLogger" is null
at api.Validation.ValidationForAddAndUpdateApi.ValidationOnResponse(ValidationForAddAndUpdateApi.java:44)
at api.test.Testfeature.addOrUpdateComponent(Testfeature.java:60)
at java.base/jdk.internal.reflect.DirectMethodHandleAccessor.invoke(DirectMethodHandleAccessor.java:103)
at java.base/java.lang.reflect.Method.invoke(Method.java:580)
at org.testng.internal.invokers.MethodInvocationHelper.invokeMethod(MethodInvocationHelper.java:141)
at org.testng.internal.invokers.TestInvoker.invokeMethod(TestInvoker.java:687)
at org.testng.internal.invokers.TestInvoker.invokeTestMethod(TestInvoker.java:230)
at org.testng.internal.invokers.MethodRunner.runInSequence(MethodRunner.java:63)
at org.testng.internal.invokers.TestInvoker$MethodInvocationAgent.invoke(TestInvoker.java:995)
at org.testng.internal.invokers.TestInvoker.invokeTestMethods(TestInvoker.java:203)
at org.testng.internal.invokers.TestMethodWorker.invokeTestMethods(TestMethodWorker.java:154)
at org.testng.internal.invokers.TestMethodWorker.run(TestMethodWorker.java:134)
at java.base/java.util.ArrayList.forEach(ArrayList.java:1596)
at org.testng.TestRunner.privateRun(TestRunner.java:741)
at org.testng.TestRunner.run(TestRunner.java:616)
at org.testng.SuiteRunner.runTest(SuiteRunner.java:421)
at org.testng.SuiteRunner.runSequentially(SuiteRunner.java:413)
at org.testng.SuiteRunner.privateRun(SuiteRunner.java:373)
at org.testng.SuiteRunner.run(SuiteRunner.java:312)
at org.testng.SuiteRunnerWorker.runSuite(SuiteRunnerWorker.java:52)
at org.testng.SuiteRunnerWorker.run(SuiteRunnerWorker.java:95)
at org.testng.TestNG.runSuitesSequentially(TestNG.java:1274)
at org.testng.TestNG.runSuitesLocally(TestNG.java:1208)
at org.testng.TestNG.runSuites(TestNG.java:1112)
at org.testng.TestNG.run(TestNG.java:1079)
at org.testng.remote.AbstractRemoteTestNG.run(AbstractRemoteTestNG.java:115)
at org.testng.remote.RemoteTestNG.initAndRun(RemoteTestNG.java:293)
at org.testng.remote.RemoteTestNG.main(RemoteTestNG.java:91)
]]>
            </full-stacktrace>
          </exception> <!-- java.lang.NullPointerException -->
          <reporter-output>
          </reporter-output>
        </test-method> <!-- addOrUpdateComponent -->
      </class> <!-- api.test.Testfeature -->
    </test> <!-- Test -->
  </suite> <!-- Suite -->
</testng-results>
