<?xml version="1.0" encoding="UTF-8"?>
<testng-results ignored="0" total="5" passed="5" failed="0" skipped="0">
  <reporter-output>
  </reporter-output>
  <suite started-at="2025-04-07T21:26:01 IST" name="Suite1" finished-at="2025-04-07T21:26:24 IST" duration-ms="23820">
    <groups>
    </groups>
    <test started-at="2025-04-07T21:26:01 IST" name="Test1" finished-at="2025-04-07T21:26:24 IST" duration-ms="23820">
      <class name="api.test.Addplace">
        <test-method signature="TestAddPlaceAPI()[pri:0, instance:api.test.Addplace@3eb738bb]" started-at="2025-04-07T21:26:03 IST" name="TestAddPlaceAPI" finished-at="2025-04-07T21:26:22 IST" duration-ms="19879" status="PASS">
          <reporter-output>
          </reporter-output>
        </test-method> <!-- TestAddPlaceAPI -->
        <test-method signature="TestAddPlaceAPI()[pri:0, instance:api.test.Addplace@3eb738bb]" started-at="2025-04-07T21:26:23 IST" name="TestAddPlaceAPI" finished-at="2025-04-07T21:26:23 IST" duration-ms="489" status="PASS">
          <reporter-output>
          </reporter-output>
        </test-method> <!-- TestAddPlaceAPI -->
        <test-method signature="TestAddPlaceAPI()[pri:0, instance:api.test.Addplace@3eb738bb]" started-at="2025-04-07T21:26:23 IST" name="TestAddPlaceAPI" finished-at="2025-04-07T21:26:24 IST" duration-ms="446" status="PASS">
          <reporter-output>
          </reporter-output>
        </test-method> <!-- TestAddPlaceAPI -->
        <test-method signature="TestAddPlaceAPI()[pri:0, instance:api.test.Addplace@3eb738bb]" started-at="2025-04-07T21:26:24 IST" name="TestAddPlaceAPI" finished-at="2025-04-07T21:26:24 IST" duration-ms="415" status="PASS">
          <reporter-output>
          </reporter-output>
        </test-method> <!-- TestAddPlaceAPI -->
        <test-method signature="TestAddPlaceAPI()[pri:0, instance:api.test.Addplace@3eb738bb]" started-at="2025-04-07T21:26:24 IST" name="TestAddPlaceAPI" finished-at="2025-04-07T21:26:24 IST" duration-ms="326" status="PASS">
          <reporter-output>
          </reporter-output>
        </test-method> <!-- TestAddPlaceAPI -->
      </class> <!-- api.test.Addplace -->
    </test> <!-- Test1 -->
  </suite> <!-- Suite1 -->
</testng-results>
